[DEBUG]: <Verifier> Ready for user verification.
[DEBUG]: <Verifier> Identity of device []:
-> Type: 
-> Manufacturer: 
-> Model: 
[DEBUG]: <Verifier> Ready for user verification.
[DEBUG]: <Verifier> Identity of device []:
-> Type: 
-> Manufacturer: 
-> Model: 
[DEBUG]: <Verifier> Ready for user verification.
[DEBUG]: <Verifier> Identity of device []:
-> Type: 
-> Manufacturer: 
-> Model: 
[DEBUG]: <Verifier> Ready for user verification.
[DEBUG]: <Verifier> Identity of device []:
-> Type: 
-> Manufacturer: 
-> Model: 
[DEBUG]: Ready for user verification.
[DEBUG]: Identity of device []:
-> Type: 
-> Manufacturer: 
-> Model: 
[DEBUG]: Ready for user verification.
[DEBUG]: Identity of device []:
-> Type: 
-> Manufacturer: 
-> Model: 
[DEBUG]: Ready for user verification.
[DEBUG]: Identity of device []:
-> Type: 
-> Manufacturer: 
-> Model: 
[DEBUG]: Ready for user verification.
[DEBUG]: Identity of device []:
-> Type: 
-> Manufacturer: 
-> Model: 
[DEBUG]: Ready for user verification.
[DEBUG]: Identity of device []:
-> Type: 
-> Manufacturer: 
-> Model: 
[DEBUG]: Ready for user verification.
[DEBUG]: Identity of device []:
-> Type: 
-> Manufacturer: 
-> Model: 
[DEBUG]: Ready for user verification.
[DEBUG]: Ready for user verification.
[DEBUG]: Identity of device []:
-> Type: 
-> Manufacturer: 
-> Model: 
[DEBUG]: Ready for user verification.
[DEBUG]: Identity of device []:
-> Type: 
-> Manufacturer: 
-> Model: 
[DEBUG]: Ready for user verification.
[DEBUG]: Identity of device []:
-> Type: 
-> Manufacturer: 
-> Model: 
[DEBUG]: Ready for user verification.
[DEBUG]: Ready for user verification.
[DEBUG]: Identity of device []:
-> Type: 
-> Manufacturer: 
-> Model: 
[DEBUG]: Ready for user verification.
[DEBUG]: Identity of device []:
-> Type: 
-> Manufacturer: 
-> Model: 
[DEBUG]: Ready for user verification.
[DEBUG]: Identity of device []:
-> Type: 
-> Manufacturer: 
-> Model: 
[DEBUG]: Ready for user verification.
[DEBUG]: Ready for user verification.
[DEBUG]: Identity of device []:
-> Type: 
-> Manufacturer: 
-> Model: 
